<?xml version="1.0" encoding="UTF-8"?>
<robot generator="Robot 3.0.2 (Python 3.6.3 on win32)" generated="20171216 17:08:17.469">
<suite id="s1" name="Call Lib" source="C:\Users\Martin\PycharmProjects\RobotFramework\Test1\call_lib.robot">
<test id="s1-t1" name="Call ext. lib bye">
<kw name="Say Hello" library="MyLib2">
<status status="PASS" starttime="20171216 17:08:17.669" endtime="20171216 17:08:18.579"></status>
</kw>
<tags>
<tag>DEBUG</tag>
</tags>
<status status="PASS" starttime="20171216 17:08:17.659" endtime="20171216 17:08:18.579" critical="yes"></status>
</test>
<doc>Suite description</doc>
<status status="PASS" starttime="20171216 17:08:17.479" endtime="20171216 17:08:18.579"></status>
</suite>
<statistics>
<total>
<stat pass="1" fail="0">Critical Tests</stat>
<stat pass="1" fail="0">All Tests</stat>
</total>
<tag>
<stat pass="1" fail="0">DEBUG</stat>
</tag>
<suite>
<stat pass="1" fail="0" id="s1" name="Call Lib">Call Lib</stat>
</suite>
</statistics>
<errors>
</errors>
</robot>
