<?xml version="1.0" encoding="UTF-8"?>
<robot generator="Robot 3.0.2 (Python 3.6.3 on win32)" generated="20171227 14:51:49.950">
<suite id="s1" name="Sense ignition off" source="C:\Users\Martin\PycharmProjects\RobotFramework\EngVal\DS4\030__Sensing\Sense_ignition_off.robot">
<test id="s1-t1" name="init">
<kw name="Set initial state">
<kw name="${i} IN RANGE [ 99999 ]" type="for">
<kw name="${i} = 0" type="foritem">
<kw name="Pause Execution" library="Dialogs">
<doc>Pauses test execution until user clicks ``Ok`` button.</doc>
<arguments>
<arg>Close all door, trunk and hood, put ignition to off</arg>
</arguments>
<status status="PASS" starttime="20171227 14:51:50.020" endtime="20171227 14:51:52.371"></status>
</kw>
<kw name="Get Selection From User" library="Dialogs">
<doc>Pauses test execution and asks user to select a value.</doc>
<arguments>
<arg>Etat de l'ignition ?</arg>
<arg>On</arg>
<arg>Off</arg>
</arguments>
<assign>
<var>${ignition}</var>
</assign>
<msg timestamp="20171227 14:51:54.362" level="INFO">${ignition} = On</msg>
<status status="PASS" starttime="20171227 14:51:52.371" endtime="20171227 14:51:54.362"></status>
</kw>
<kw name="Get Selection From User" library="Dialogs">
<doc>Pauses test execution and asks user to select a value.</doc>
<arguments>
<arg>Etat des portieres ?</arg>
<arg>Open</arg>
<arg>Close</arg>
</arguments>
<assign>
<var>${door_status}</var>
</assign>
<msg timestamp="20171227 14:51:55.652" level="INFO">${door_status} = Open</msg>
<status status="PASS" starttime="20171227 14:51:54.362" endtime="20171227 14:51:55.652"></status>
</kw>
<kw name="Get Selection From User" library="Dialogs">
<doc>Pauses test execution and asks user to select a value.</doc>
<arguments>
<arg>Etat du Capot ?</arg>
<arg>Open</arg>
<arg>Close</arg>
</arguments>
<assign>
<var>${hood_status}</var>
</assign>
<msg timestamp="20171227 14:51:56.781" level="INFO">${hood_status} = Open</msg>
<status status="PASS" starttime="20171227 14:51:55.652" endtime="20171227 14:51:56.781"></status>
</kw>
<kw name="Get Selection From User" library="Dialogs">
<doc>Pauses test execution and asks user to select a value.</doc>
<arguments>
<arg>Etat du Coffre arriere ?</arg>
<arg>Open</arg>
<arg>Close</arg>
</arguments>
<assign>
<var>${trunk_status}</var>
</assign>
<msg timestamp="20171227 14:51:58.160" level="INFO">${trunk_status} = Open</msg>
<status status="PASS" starttime="20171227 14:51:56.781" endtime="20171227 14:51:58.160"></status>
</kw>
<kw name="Log To Console" library="BuiltIn">
<doc>Logs the given message to the console.</doc>
<arguments>
<arg>\n</arg>
</arguments>
<status status="PASS" starttime="20171227 14:51:58.160" endtime="20171227 14:51:58.160"></status>
</kw>
<kw name="Run Keyword If" library="BuiltIn">
<doc>Runs the given keyword with the given arguments, if ``condition`` is true.</doc>
<arguments>
<arg>'${ignition}' != 'Off'</arg>
<arg>ignition state</arg>
</arguments>
<kw name="ignition state">
<kw name="Log To Console" library="BuiltIn">
<doc>Logs the given message to the console.</doc>
<arguments>
<arg>Ignition is not OFF</arg>
</arguments>
<status status="PASS" starttime="20171227 14:51:58.160" endtime="20171227 14:51:58.160"></status>
</kw>
<status status="PASS" starttime="20171227 14:51:58.160" endtime="20171227 14:51:58.160"></status>
</kw>
<status status="PASS" starttime="20171227 14:51:58.160" endtime="20171227 14:51:58.160"></status>
</kw>
<kw name="Run Keyword If" library="BuiltIn">
<doc>Runs the given keyword with the given arguments, if ``condition`` is true.</doc>
<arguments>
<arg>'${door_status}' != 'Close'</arg>
<arg>zone state</arg>
<arg>porte</arg>
<arg>${door_status}</arg>
</arguments>
<kw name="zone state">
<arguments>
<arg>porte</arg>
<arg>${door_status}</arg>
</arguments>
<kw name="Log To Console" library="BuiltIn">
<doc>Logs the given message to the console.</doc>
<arguments>
<arg>Zone ${sensing} is not Close</arg>
</arguments>
<status status="PASS" starttime="20171227 14:51:58.160" endtime="20171227 14:51:58.170"></status>
</kw>
<status status="PASS" starttime="20171227 14:51:58.160" endtime="20171227 14:51:58.170"></status>
</kw>
<status status="PASS" starttime="20171227 14:51:58.160" endtime="20171227 14:51:58.170"></status>
</kw>
<kw name="Run Keyword If" library="BuiltIn">
<doc>Runs the given keyword with the given arguments, if ``condition`` is true.</doc>
<arguments>
<arg>'${trunk_status}' != 'Close'</arg>
<arg>zone state</arg>
<arg>trunk</arg>
<arg>${door_status}</arg>
</arguments>
<kw name="zone state">
<arguments>
<arg>trunk</arg>
<arg>${door_status}</arg>
</arguments>
<kw name="Log To Console" library="BuiltIn">
<doc>Logs the given message to the console.</doc>
<arguments>
<arg>Zone ${sensing} is not Close</arg>
</arguments>
<status status="PASS" starttime="20171227 14:51:58.170" endtime="20171227 14:51:58.170"></status>
</kw>
<status status="PASS" starttime="20171227 14:51:58.170" endtime="20171227 14:51:58.170"></status>
</kw>
<status status="PASS" starttime="20171227 14:51:58.170" endtime="20171227 14:51:58.170"></status>
</kw>
<kw name="Run Keyword If" library="BuiltIn">
<doc>Runs the given keyword with the given arguments, if ``condition`` is true.</doc>
<arguments>
<arg>'${hood_status}' != 'Close'</arg>
<arg>zone state</arg>
<arg>hood</arg>
<arg>${door_status}</arg>
</arguments>
<kw name="zone state">
<arguments>
<arg>hood</arg>
<arg>${door_status}</arg>
</arguments>
<kw name="Log To Console" library="BuiltIn">
<doc>Logs the given message to the console.</doc>
<arguments>
<arg>Zone ${sensing} is not Close</arg>
</arguments>
<status status="PASS" starttime="20171227 14:51:58.170" endtime="20171227 14:51:58.170"></status>
</kw>
<status status="PASS" starttime="20171227 14:51:58.170" endtime="20171227 14:51:58.170"></status>
</kw>
<status status="PASS" starttime="20171227 14:51:58.170" endtime="20171227 14:51:58.170"></status>
</kw>
<kw name="Evaluate" library="BuiltIn">
<doc>Evaluates the given expression in Python and returns the results.</doc>
<arguments>
<arg>'${ignition}' == 'Off' and '${door_status}' == 'Close' and '${hood_status}' == 'Close' and '${trunk_status}' == 'Close'</arg>
</arguments>
<assign>
<var>${exit}</var>
</assign>
<msg timestamp="20171227 14:51:58.170" level="INFO">${exit} = False</msg>
<status status="PASS" starttime="20171227 14:51:58.170" endtime="20171227 14:51:58.170"></status>
</kw>
<kw name="Log To Console" library="BuiltIn">
<doc>Logs the given message to the console.</doc>
<arguments>
<arg>1-value de exit : ${exit}</arg>
</arguments>
<status status="PASS" starttime="20171227 14:51:58.170" endtime="20171227 14:51:58.180"></status>
</kw>
<kw name="Run Keyword If" library="BuiltIn">
<doc>Runs the given keyword with the given arguments, if ``condition`` is true.</doc>
<arguments>
<arg>'${exit}' != 'True'</arg>
<arg>get selection from user</arg>
<arg>Voulez-vous poursuivre le test quand même ?\nLe résultat risque d'être faussé.</arg>
<arg>Oui</arg>
<arg>Non</arg>
</arguments>
<assign>
<var>${force_exit}</var>
</assign>
<kw name="Get Selection From User" library="Dialogs">
<doc>Pauses test execution and asks user to select a value.</doc>
<arguments>
<arg>Voulez-vous poursuivre le test quand même ?\nLe résultat risque d'être faussé.</arg>
<arg>Oui</arg>
<arg>Non</arg>
</arguments>
<status status="PASS" starttime="20171227 14:51:58.180" endtime="20171227 14:52:00.064"></status>
</kw>
<msg timestamp="20171227 14:52:00.064" level="INFO">${force_exit} = Oui</msg>
<status status="PASS" starttime="20171227 14:51:58.180" endtime="20171227 14:52:00.064"></status>
</kw>
<kw name="Log To Console" library="BuiltIn">
<doc>Logs the given message to the console.</doc>
<arguments>
<arg>2-value de exit : ${exit}</arg>
</arguments>
<status status="PASS" starttime="20171227 14:52:00.064" endtime="20171227 14:52:00.064"></status>
</kw>
<kw name="Log To Console" library="BuiltIn">
<doc>Logs the given message to the console.</doc>
<arguments>
<arg>3-value de force_exit : ${force_exit}</arg>
</arguments>
<status status="PASS" starttime="20171227 14:52:00.064" endtime="20171227 14:52:00.064"></status>
</kw>
<kw name="Exit For Loop If" library="BuiltIn">
<doc>Stops executing the enclosing for loop if the ``condition`` is true.</doc>
<arguments>
<arg>'${exit}' == 'True' or '${force_exit}' == 'Oui'</arg>
</arguments>
<msg timestamp="20171227 14:52:00.064" level="INFO">Exiting for loop altogether.</msg>
<status status="PASS" starttime="20171227 14:52:00.064" endtime="20171227 14:52:00.074"></status>
</kw>
<status status="PASS" starttime="20171227 14:51:50.020" endtime="20171227 14:52:00.074"></status>
</kw>
<status status="PASS" starttime="20171227 14:51:50.020" endtime="20171227 14:52:00.074"></status>
</kw>
<status status="PASS" starttime="20171227 14:51:50.020" endtime="20171227 14:52:00.074"></status>
</kw>
<status status="PASS" starttime="20171227 14:51:50.020" endtime="20171227 14:52:00.074" critical="yes"></status>
</test>
<doc>Test all sensing when Ignition is Off</doc>
<status status="PASS" starttime="20171227 14:51:49.960" endtime="20171227 14:52:00.074"></status>
</suite>
<statistics>
<total>
<stat pass="1" fail="0">Critical Tests</stat>
<stat pass="1" fail="0">All Tests</stat>
</total>
<tag>
</tag>
<suite>
<stat pass="1" fail="0" id="s1" name="Sense ignition off">Sense ignition off</stat>
</suite>
</statistics>
<errors>
</errors>
</robot>
